
Mon Nov 21 15:50:24 2016 --  9660tq072SRV1 | conx:N | actualizar rt1:N 

Mon Nov 21 15:50:56 2016 --  9660tq07 | conx:S | actualizar rt1:N 

Mon Nov 21 15:51:37 2016 --  9660tq07 | conx:S | actualizar rt1:N 

Mon Nov 21 15:53:31 2016 --  9660tq07 | conx:S | actualizar rt1:S 

Mon Nov 21 15:55:09 2016 --  9580tq07 | conx:S | actualizar rt1:S 

Mon Nov 21 15:55:30 2016 --  9565co01 | conx:S | actualizar rt1:S 

Mon Nov 21 16:20:16 2016 --  9580tq07 | conx:S | actualizar rt1:S 

Wed Dec 27 10:12:56 2017 --  mxl3061jyq | conx:S | actualizar rt1:N | OA:N 

Wed Dec 27 10:13:51 2017 --  mxl3061jyq | conx:S | actualizar rt1:N | OA:N 

Wed Dec 27 10:14:40 2017 --  mxl3061jyq | conx:S | actualizar rt1:N | OA:N 

Wed Dec 27 10:14:58 2017 --  mxl3061jyq | conx:S | actualizar rt1:N | OA:N 

Wed Dec 27 10:17:01 2017 --   | conx:N | actualizar rt1:N | OA:N 

Wed Dec 27 10:17:14 2017 --  mxl3061jyq | conx:S | actualizar rt1:N | OA:N 

Wed Dec 27 10:20:49 2017 --  mxl3061jyq | conx:S | actualizar rt1:N | OA:N 

Wed Dec 27 10:23:15 2017 --  mxl3061jyq | conx:S | actualizar rt1:S | OA:S 

Mon Jan 08 09:30:12 2018 --  9842rs01 | conx:S | actualizar rt1:S | OA:S 

Mon Jan 08 09:32:05 2018 --  9842rs01 | conx:S | actualizar rt1:S | OA:S 

Wed Jan 24 14:20:55 2018 --  mxl3061lh8 | conx:S | actualizar rt1:N | OA:N 

Wed Jan 24 14:21:00 2018 --  mxl3061lh8 | conx:S | actualizar rt1:N | OA:N 

Wed Jan 24 14:21:30 2018 --  mxl3061lh8 | conx:S | actualizar rt1:N | OA:N 

Wed Jan 24 14:23:48 2018 --  mxl3061lh8 | conx:S | actualizar rt1:N | OA:N 

Tue Jan 30 08:29:39 2018 --  9388co01 | conx:S | actualizar rt1:S | OA:S 
